<?xml version="1.0" encoding="UTF-8"?>
<robot generator="Robot 6.0.1 (Python 3.11.1 on win32)" generated="20230225 11:40:23.974" rpa="false" schemaversion="3">
<suite id="s1" name="perubahanData" source="D:\Kerja\Belajar Robot Framework\Test Sekawan Media\perubahanData.robot">
<test id="s1-t1" name="Login APS" line="6">
<kw name="Login Candidat APS" library="steps">
<kw name="Open Browser" library="SeleniumLibrary">
<arg>${url_test}</arg>
<arg>chrome</arg>
<doc>Opens a new browser instance to the optional ``url``.</doc>
<msg timestamp="20230225 11:40:24.114" level="INFO">Opening browser 'chrome' to base url 'https://aps-rejanglebong.skwn.dev/dev'.</msg>
<status status="PASS" starttime="20230225 11:40:24.114" endtime="20230225 11:40:27.777"/>
</kw>
<kw name="Maximize Browser Window" library="SeleniumLibrary">
<doc>Maximizes current browser window.</doc>
<status status="PASS" starttime="20230225 11:40:27.777" endtime="20230225 11:40:27.893"/>
</kw>
<kw name="Sleep" library="BuiltIn">
<arg>5</arg>
<doc>Pauses the test executed for the given time.</doc>
<msg timestamp="20230225 11:40:32.893" level="INFO">Slept 5 seconds</msg>
<status status="PASS" starttime="20230225 11:40:27.893" endtime="20230225 11:40:32.893"/>
</kw>
<kw name="Input Text" library="SeleniumLibrary">
<arg>id:username</arg>
<arg>candidat</arg>
<doc>Types the given ``text`` into the text field identified by ``locator``.</doc>
<msg timestamp="20230225 11:40:32.893" level="INFO">Typing text 'candidat' into text field 'id:username'.</msg>
<status status="PASS" starttime="20230225 11:40:32.893" endtime="20230225 11:40:32.943"/>
</kw>
<kw name="Input Password" library="SeleniumLibrary">
<arg>id:password</arg>
<arg>password123</arg>
<doc>Types the given password into the text field identified by ``locator``.</doc>
<msg timestamp="20230225 11:40:32.944" level="INFO">Typing password into text field 'id:password'.</msg>
<msg timestamp="20230225 11:40:32.965" level="INFO">Temporally setting log level to: NONE</msg>
<msg timestamp="20230225 11:40:32.991" level="INFO">Log level changed from NONE to INFO.</msg>
<status status="PASS" starttime="20230225 11:40:32.943" endtime="20230225 11:40:32.991"/>
</kw>
<kw name="Sleep" library="BuiltIn">
<arg>3</arg>
<doc>Pauses the test executed for the given time.</doc>
<msg timestamp="20230225 11:40:35.993" level="INFO">Slept 3 seconds</msg>
<status status="PASS" starttime="20230225 11:40:32.991" endtime="20230225 11:40:35.993"/>
</kw>
<kw name="Click Button" library="SeleniumLibrary">
<arg>id:kt_login_signin_submit</arg>
<doc>Clicks the button identified by ``locator``.</doc>
<msg timestamp="20230225 11:40:35.993" level="INFO">Clicking button 'id:kt_login_signin_submit'.</msg>
<status status="PASS" starttime="20230225 11:40:35.993" endtime="20230225 11:40:36.029"/>
</kw>
<kw name="Wait For Condition" library="SeleniumLibrary">
<arg>return document.readyState == "complete"</arg>
<doc>Waits until ``condition`` is true or ``timeout`` expires.</doc>
<status status="PASS" starttime="20230225 11:40:36.029" endtime="20230225 11:40:36.032"/>
</kw>
<kw name="Create File" library="OperatingSystem">
<arg>D:/Kerja/Belajar Robot Framework/Test Sekawan Media/Laporan Hasil Testing Automation.txt</arg>
<arg>mencoba hasil automation</arg>
<doc>Creates a file with the given content and encoding.</doc>
<msg timestamp="20230225 11:40:36.032" level="INFO" html="true">Created file '&lt;a href="file://D:\Kerja\Belajar Robot Framework\Test Sekawan Media\Laporan Hasil Testing Automation.txt"&gt;D:\Kerja\Belajar Robot Framework\Test Sekawan Media\Laporan Hasil Testing Automation.txt&lt;/a&gt;'.</msg>
<status status="PASS" starttime="20230225 11:40:36.032" endtime="20230225 11:40:36.032"/>
</kw>
<status status="PASS" starttime="20230225 11:40:24.114" endtime="20230225 11:40:36.033"/>
</kw>
<status status="PASS" starttime="20230225 11:40:24.113" endtime="20230225 11:40:36.033"/>
</test>
<test id="s1-t2" name="Perubahan Data" line="9">
<kw name="Perubahan Data" library="steps">
<kw name="Wait Until Element Is Enabled" library="SeleniumLibrary">
<arg>xpath://*[@id="kt_aside_menu"]/ul/li[3]/a</arg>
<doc>Waits until the element ``locator`` is enabled.</doc>
<status status="PASS" starttime="20230225 11:40:36.034" endtime="20230225 11:40:39.111"/>
</kw>
<kw name="Click Element" library="SeleniumLibrary">
<arg>xpath://*[@id="kt_aside_menu"]/ul/li[3]/a</arg>
<doc>Click the element identified by ``locator``.</doc>
<msg timestamp="20230225 11:40:39.111" level="INFO">Clicking element 'xpath://*[@id="kt_aside_menu"]/ul/li[3]/a'.</msg>
<msg timestamp="20230225 11:40:40.272" level="INFO" html="true">&lt;/td&gt;&lt;/tr&gt;&lt;tr&gt;&lt;td colspan="3"&gt;&lt;a href="selenium-screenshot-99.png"&gt;&lt;img src="selenium-screenshot-99.png" width="800px"&gt;&lt;/a&gt;</msg>
<msg timestamp="20230225 11:40:40.273" level="FAIL">ElementClickInterceptedException: Message: element click intercepted: Element &lt;a href="javascript:void(0)" onclick="HELPER.loadPage(this)" data-con="73a816cef9284ef40d99db46264049bd" class="menu-link"&gt;...&lt;/a&gt; is not clickable at point (132, 204). Other element would receive the click: &lt;div class="blockUI blockOverlay" style="z-index: 1000; border: none; margin: 0px; padding: 0px; width: 100%; height: 100%; top: 0px; left: 0px; background-color: rgb(0, 0, 0); opacity: 0.00508778; cursor: default; position: fixed;"&gt;&lt;/div&gt;
  (Session info: chrome=110.0.5481.177)
Stacktrace:
Backtrace:
	(No symbol) [0x011237D3]
	(No symbol) [0x010B8B81]
	(No symbol) [0x00FBB36D]
	(No symbol) [0x00FF4E3B]
	(No symbol) [0x00FF26DB]
	(No symbol) [0x00FEFD0B]
	(No symbol) [0x00FEE4D8]
	(No symbol) [0x00FE3253]
	(No symbol) [0x0100B41C]
	(No symbol) [0x00FE2B96]
	(No symbol) [0x0100B774]
	(No symbol) [0x01021215]
	(No symbol) [0x0100B216]
	(No symbol) [0x00FE0D97]
	(No symbol) [0x00FE253D]
	GetHandleVerifier [0x0139ABF2+2510930]
	GetHandleVerifier [0x013C8EC1+2700065]
	GetHandleVerifier [0x013CC86C+2714828]
	GetHandleVerifier [0x011D3480+645344]
	(No symbol) [0x010C0FD2]
	(No symbol) [0x010C6C68]
	(No symbol) [0x010C6D4B]
	(No symbol) [0x010D0D6B]
	BaseThreadInitThunk [0x76986BD9+25]
	RtlGetFullPathName_UEx [0x77708FD2+1218]
	RtlGetFullPathName_UEx [0x77708F9D+1165]
</msg>
<status status="FAIL" starttime="20230225 11:40:39.111" endtime="20230225 11:40:40.274"/>
</kw>
<kw name="Sleep" library="BuiltIn">
<arg>5</arg>
<doc>Pauses the test executed for the given time.</doc>
<status status="NOT RUN" starttime="20230225 11:40:40.274" endtime="20230225 11:40:40.274"/>
</kw>
<kw name="Input Text" library="SeleniumLibrary">
<arg>id:table-inputpemilih_dtSearch</arg>
<arg>Gend</arg>
<doc>Types the given ``text`` into the text field identified by ``locator``.</doc>
<status status="NOT RUN" starttime="20230225 11:40:40.274" endtime="20230225 11:40:40.274"/>
</kw>
<kw name="Sleep" library="BuiltIn">
<arg>3</arg>
<doc>Pauses the test executed for the given time.</doc>
<status status="NOT RUN" starttime="20230225 11:40:40.274" endtime="20230225 11:40:40.274"/>
</kw>
<kw name="Click Element" library="SeleniumLibrary">
<arg>xpath://*[@id="table-inputpemilih"]/tbody/tr/td[8]/a[2]</arg>
<doc>Click the element identified by ``locator``.</doc>
<status status="NOT RUN" starttime="20230225 11:40:40.275" endtime="20230225 11:40:40.275"/>
</kw>
<kw name="Sleep" library="BuiltIn">
<arg>2</arg>
<doc>Pauses the test executed for the given time.</doc>
<status status="NOT RUN" starttime="20230225 11:40:40.275" endtime="20230225 11:40:40.275"/>
</kw>
<kw name="Wait Until Element Is Enabled" library="SeleniumLibrary">
<arg>id:pemilih_kelurahan_id</arg>
<doc>Waits until the element ``locator`` is enabled.</doc>
<status status="NOT RUN" starttime="20230225 11:40:40.275" endtime="20230225 11:40:40.275"/>
</kw>
<kw name="Wait Until Element Is Enabled" library="SeleniumLibrary">
<arg>id:pemilih_status_kawin</arg>
<doc>Waits until the element ``locator`` is enabled.</doc>
<status status="NOT RUN" starttime="20230225 11:40:40.275" endtime="20230225 11:40:40.275"/>
</kw>
<kw name="Wait Until Element Is Enabled" library="SeleniumLibrary">
<arg>id:pemilih_caleg_id</arg>
<doc>Waits until the element ``locator`` is enabled.</doc>
<status status="NOT RUN" starttime="20230225 11:40:40.275" endtime="20230225 11:40:40.275"/>
</kw>
<kw name="Input Text" library="SeleniumLibrary">
<arg>id:pemilih_kk</arg>
<arg>3507132410960004</arg>
<doc>Types the given ``text`` into the text field identified by ``locator``.</doc>
<status status="NOT RUN" starttime="20230225 11:40:40.275" endtime="20230225 11:40:40.275"/>
</kw>
<kw name="Input Text" library="SeleniumLibrary">
<arg>id:pemilih_nik</arg>
<arg>3507132410960004</arg>
<doc>Types the given ``text`` into the text field identified by ``locator``.</doc>
<status status="NOT RUN" starttime="20230225 11:40:40.275" endtime="20230225 11:40:40.275"/>
</kw>
<kw name="Input Text" library="SeleniumLibrary">
<arg>id:pemilih_nama</arg>
<arg>Dikoy</arg>
<doc>Types the given ``text`` into the text field identified by ``locator``.</doc>
<status status="NOT RUN" starttime="20230225 11:40:40.275" endtime="20230225 11:40:40.275"/>
</kw>
<kw name="Input Text" library="SeleniumLibrary">
<arg>id:pemilih_alamat</arg>
<arg>Jl. Wijaya Kusuma No.155</arg>
<doc>Types the given ``text`` into the text field identified by ``locator``.</doc>
<status status="NOT RUN" starttime="20230225 11:40:40.275" endtime="20230225 11:40:40.275"/>
</kw>
<kw name="Input Text" library="SeleniumLibrary">
<arg>id:pemilih_rt</arg>
<arg>25</arg>
<doc>Types the given ``text`` into the text field identified by ``locator``.</doc>
<status status="NOT RUN" starttime="20230225 11:40:40.275" endtime="20230225 11:40:40.275"/>
</kw>
<kw name="Input Text" library="SeleniumLibrary">
<arg>id:pemilih_rw</arg>
<arg>03</arg>
<doc>Types the given ``text`` into the text field identified by ``locator``.</doc>
<status status="NOT RUN" starttime="20230225 11:40:40.275" endtime="20230225 11:40:40.275"/>
</kw>
<kw name="Select From List By Value" library="SeleniumLibrary">
<arg>id:pemilih_kelurahan_id</arg>
<arg>8a0c1a3f64fe92cbdad594915bd3cc60</arg>
<doc>Selects options from selection list ``locator`` by ``values``.</doc>
<status status="NOT RUN" starttime="20230225 11:40:40.275" endtime="20230225 11:40:40.275"/>
</kw>
<kw name="Input Text" library="SeleniumLibrary">
<arg>id:pemilih_tempat_lahir</arg>
<arg>Malang</arg>
<doc>Types the given ``text`` into the text field identified by ``locator``.</doc>
<status status="NOT RUN" starttime="20230225 11:40:40.275" endtime="20230225 11:40:40.275"/>
</kw>
<kw name="Click Element" library="SeleniumLibrary">
<arg>id:pemilih_tgl_lahir</arg>
<doc>Click the element identified by ``locator``.</doc>
<status status="NOT RUN" starttime="20230225 11:40:40.275" endtime="20230225 11:40:40.275"/>
</kw>
<kw name="Sleep" library="BuiltIn">
<arg>1</arg>
<doc>Pauses the test executed for the given time.</doc>
<status status="NOT RUN" starttime="20230225 11:40:40.275" endtime="20230225 11:40:40.275"/>
</kw>
<kw name="Click Element" library="SeleniumLibrary">
<arg>xpath://div[@class='datepicker-days']/table/thead/tr[2]/th[2]</arg>
<doc>Click the element identified by ``locator``.</doc>
<status status="NOT RUN" starttime="20230225 11:40:40.275" endtime="20230225 11:40:40.275"/>
</kw>
<kw name="Sleep" library="BuiltIn">
<arg>1</arg>
<doc>Pauses the test executed for the given time.</doc>
<status status="NOT RUN" starttime="20230225 11:40:40.275" endtime="20230225 11:40:40.275"/>
</kw>
<kw name="Click Element" library="SeleniumLibrary">
<arg>xpath://div[@class='datepicker-months']/table/thead/tr[2]/th[2]</arg>
<doc>Click the element identified by ``locator``.</doc>
<status status="NOT RUN" starttime="20230225 11:40:40.276" endtime="20230225 11:40:40.276"/>
</kw>
<kw name="Sleep" library="BuiltIn">
<arg>1</arg>
<doc>Pauses the test executed for the given time.</doc>
<status status="NOT RUN" starttime="20230225 11:40:40.276" endtime="20230225 11:40:40.276"/>
</kw>
<kw name="Click Element" library="SeleniumLibrary">
<arg>xpath://div[@class='datepicker-years']/table/thead/tr[2]/th[2]</arg>
<doc>Click the element identified by ``locator``.</doc>
<status status="NOT RUN" starttime="20230225 11:40:40.276" endtime="20230225 11:40:40.276"/>
</kw>
<kw name="Sleep" library="BuiltIn">
<arg>1</arg>
<doc>Pauses the test executed for the given time.</doc>
<status status="NOT RUN" starttime="20230225 11:40:40.276" endtime="20230225 11:40:40.276"/>
</kw>
<kw name="Click Element" library="SeleniumLibrary">
<arg>xpath://span[text()='1990']</arg>
<doc>Click the element identified by ``locator``.</doc>
<status status="NOT RUN" starttime="20230225 11:40:40.276" endtime="20230225 11:40:40.276"/>
</kw>
<kw name="Sleep" library="BuiltIn">
<arg>1</arg>
<doc>Pauses the test executed for the given time.</doc>
<status status="NOT RUN" starttime="20230225 11:40:40.276" endtime="20230225 11:40:40.276"/>
</kw>
<kw name="Click Element" library="SeleniumLibrary">
<arg>xpath://span[text()='1996']</arg>
<doc>Click the element identified by ``locator``.</doc>
<status status="NOT RUN" starttime="20230225 11:40:40.276" endtime="20230225 11:40:40.276"/>
</kw>
<kw name="Sleep" library="BuiltIn">
<arg>1</arg>
<doc>Pauses the test executed for the given time.</doc>
<status status="NOT RUN" starttime="20230225 11:40:40.276" endtime="20230225 11:40:40.276"/>
</kw>
<kw name="Click Element" library="SeleniumLibrary">
<arg>xpath://span[text()='Oct']</arg>
<doc>Click the element identified by ``locator``.</doc>
<status status="NOT RUN" starttime="20230225 11:40:40.276" endtime="20230225 11:40:40.276"/>
</kw>
<kw name="Sleep" library="BuiltIn">
<arg>1</arg>
<doc>Pauses the test executed for the given time.</doc>
<status status="NOT RUN" starttime="20230225 11:40:40.276" endtime="20230225 11:40:40.276"/>
</kw>
<kw name="Click Element" library="SeleniumLibrary">
<arg>xpath://td[@class="day" and text()='24']</arg>
<doc>Click the element identified by ``locator``.</doc>
<status status="NOT RUN" starttime="20230225 11:40:40.276" endtime="20230225 11:40:40.276"/>
</kw>
<kw name="Click Element" library="SeleniumLibrary">
<arg>xpath://*[@id="form_inputpemilih"]/div[1]/div/div[2]/div[3]/label</arg>
<doc>Click the element identified by ``locator``.</doc>
<status status="NOT RUN" starttime="20230225 11:40:40.276" endtime="20230225 11:40:40.276"/>
</kw>
<kw name="Select From List By Value" library="SeleniumLibrary">
<arg>id:pemilih_status_kawin</arg>
<arg>638dee9c57c748cdbfbd37c861e6923a</arg>
<doc>Selects options from selection list ``locator`` by ``values``.</doc>
<status status="NOT RUN" starttime="20230225 11:40:40.276" endtime="20230225 11:40:40.276"/>
</kw>
<kw name="Select From List By Value" library="SeleniumLibrary">
<arg>id:pemilih_caleg_id</arg>
<arg>0926a39a50026a88279cc70b79e9bc97</arg>
<doc>Selects options from selection list ``locator`` by ``values``.</doc>
<status status="NOT RUN" starttime="20230225 11:40:40.276" endtime="20230225 11:40:40.276"/>
</kw>
<kw name="Select From List By Value" library="SeleniumLibrary">
<arg>id:pemilih_tps_id</arg>
<arg>f80692623d2baba95f41d8fbbbb86fae</arg>
<doc>Selects options from selection list ``locator`` by ``values``.</doc>
<status status="NOT RUN" starttime="20230225 11:40:40.276" endtime="20230225 11:40:40.276"/>
</kw>
<kw name="Sleep" library="BuiltIn">
<arg>3</arg>
<doc>Pauses the test executed for the given time.</doc>
<status status="NOT RUN" starttime="20230225 11:40:40.276" endtime="20230225 11:40:40.276"/>
</kw>
<status status="FAIL" starttime="20230225 11:40:36.034" endtime="20230225 11:40:40.277"/>
</kw>
<status status="FAIL" starttime="20230225 11:40:36.033" endtime="20230225 11:40:40.277">ElementClickInterceptedException: Message: element click intercepted: Element &lt;a href="javascript:void(0)" onclick="HELPER.loadPage(this)" data-con="73a816cef9284ef40d99db46264049bd" class="menu-link"&gt;...&lt;/a&gt; is not clickable at point (132, 204). Other element would receive the click: &lt;div class="blockUI blockOverlay" style="z-index: 1000; border: none; margin: 0px; padding: 0px; width: 100%; height: 100%; top: 0px; left: 0px; background-color: rgb(0, 0, 0); opacity: 0.00508778; cursor: default; position: fixed;"&gt;&lt;/div&gt;
  (Session info: chrome=110.0.5481.177)
Stacktrace:
Backtrace:
	(No symbol) [0x011237D3]
	(No symbol) [0x010B8B81]
	(No symbol) [0x00FBB36D]
	(No symbol) [0x00FF4E3B]
	(No symbol) [0x00FF26DB]
	(No symbol) [0x00FEFD0B]
	(No symbol) [0x00FEE4D8]
	(No symbol) [0x00FE3253]
	(No symbol) [0x0100B41C]
	(No symbol) [0x00FE2B96]
	(No symbol) [0x0100B774]
	(No symbol) [0x01021215]
	(No symbol) [0x0100B216]
	(No symbol) [0x00FE0D97]
	(No symbol) [0x00FE253D]
	GetHandleVerifier [0x0139ABF2+2510930]
	GetHandleVerifier [0x013C8EC1+2700065]
	GetHandleVerifier [0x013CC86C+2714828]
	GetHandleVerifier [0x011D3480+645344]
	(No symbol) [0x010C0FD2]
	(No symbol) [0x010C6C68]
	(No symbol) [0x010C6D4B]
	(No symbol) [0x010D0D6B]
	BaseThreadInitThunk [0x76986BD9+25]
	RtlGetFullPathName_UEx [0x77708FD2+1218]
	RtlGetFullPathName_UEx [0x77708F9D+1165]
</status>
</test>
<status status="FAIL" starttime="20230225 11:40:23.975" endtime="20230225 11:40:40.279"/>
</suite>
<statistics>
<total>
<stat pass="1" fail="1" skip="0">All Tests</stat>
</total>
<tag>
</tag>
<suite>
<stat pass="1" fail="1" skip="0" id="s1" name="perubahanData">perubahanData</stat>
</suite>
</statistics>
<errors>
</errors>
</robot>
